SF:lib/src/weather_api/weather_api_client.dart
DA:6,9
DA:23,3
DA:27,3
DA:28,9
DA:29,3
DA:30,3
DA:31,9
DA:32,6
DA:33,6
DA:34,3
DA:47,3
DA:52,1
DA:53,3
DA:55,6
DA:57,6
DA:59,6
DA:60,3
DA:61,9
DA:64,6
DA:65,3
LF:20
LH:20
end_of_record
SF:lib/src/weather_api/forecast/forecast_day.dart
DA:15,3
DA:16,3
LF:2
LH:2
end_of_record
SF:lib/src/weather_api/forecast/forecast_day.g.dart
DA:9,3
DA:10,3
DA:11,6
DA:12,6
DA:13,3
DA:16,0
DA:17,0
DA:18,0
DA:19,0
DA:20,0
LF:10
LH:5
end_of_record
SF:lib/src/ui/weather_forecast_view.dart
DA:33,2
DA:39,2
DA:43,1
DA:51,2
DA:52,2
DA:60,2
DA:62,2
DA:63,2
DA:66,1
DA:68,1
DA:69,4
DA:70,0
DA:71,0
DA:72,0
DA:73,0
DA:74,0
DA:75,1
DA:79,2
DA:80,4
DA:81,2
DA:82,1
DA:83,1
DA:84,3
DA:89,4
DA:90,2
DA:91,2
DA:92,2
DA:95,6
DA:96,4
DA:97,4
DA:98,4
DA:100,2
DA:105,2
DA:106,1
DA:107,1
DA:112,4
DA:113,2
DA:114,2
DA:115,2
DA:119,2
DA:121,2
DA:129,2
DA:130,1
DA:131,1
DA:137,2
DA:141,4
DA:144,2
DA:145,2
DA:146,2
DA:147,2
DA:148,4
DA:149,2
DA:151,2
DA:153,4
DA:158,2
LF:55
LH:50
end_of_record
SF:lib/src/ui/weather_forecast_tile.dart
DA:6,9
DA:14,3
DA:20,3
DA:22,3
DA:23,3
DA:24,3
DA:25,3
DA:27,3
DA:29,3
DA:32,3
DA:33,15
DA:34,3
DA:35,6
DA:40,3
DA:41,18
DA:50,3
DA:51,6
DA:56,3
DA:57,3
LF:19
LH:19
end_of_record
SF:lib/src/weather_api/forecast/forecast_response.dart
DA:13,3
DA:14,3
LF:2
LH:2
end_of_record
SF:lib/src/weather_api/forecast/forecast_response.g.dart
DA:9,3
DA:11,3
DA:12,3
DA:13,9
DA:14,3
DA:17,0
DA:19,0
DA:20,0
LF:8
LH:5
end_of_record
